<?xml version="1.0" encoding="UTF-8"?>
<!-- Generated by org.testng.reporters.JUnitReportReporter -->
<testsuite skipped="0" hostname="DESKTOP-50659SL" name="suiteb.TestB" tests="2" failures="0" timestamp="09 Feb 2021 07:17:41 GMT" time="5.917" errors="0">
  <testcase name="testB" time="2.992" classname="suiteb.TestB"/>
  <testcase name="testB" time="2.925" classname="suiteb.TestB"/>
</testsuite> <!-- suiteb.TestB -->
