<?xml version="1.0" encoding="UTF-8"?>
<!-- Generated by org.testng.reporters.JUnitReportReporter -->
<testsuite skipped="0" hostname="DESKTOP-50659SL" name="suitea.TestAA" tests="2" failures="0" timestamp="09 Feb 2021 07:17:41 GMT" time="4.203" errors="0">
  <testcase name="testAA" time="2.141" classname="suitea.TestAA"/>
  <testcase name="testAA" time="2.062" classname="suitea.TestAA"/>
</testsuite> <!-- suitea.TestAA -->
