<?xml version="1.0" encoding="UTF-8"?>
<!-- Generated by org.testng.reporters.JUnitReportReporter -->
<testsuite skipped="0" hostname="DESKTOP-50659SL" name="testcases.coustmer_comm" tests="2" failures="0" timestamp="26 Mar 2021 15:18:13 GMT" time="0.000" errors="0">
  <testcase name="check_mail" time="0.000" classname="testcases.coustmer_comm"/>
  <testcase name="check_mail" time="0.000" classname="testcases.coustmer_comm"/>
</testsuite> <!-- testcases.coustmer_comm -->
