<?xml version="1.0" encoding="UTF-8"?>
<!-- Generated by org.testng.reporters.JUnitReportReporter -->
<testsuite skipped="0" hostname="DESKTOP-50659SL" name="testcases.Payment_Info" tests="4" failures="0" timestamp="26 Mar 2021 15:18:13 GMT" time="0.016" errors="0">
  <testcase name="apply_discount" time="0.008" classname="testcases.Payment_Info"/>
  <testcase name="makepayment" time="0.008" classname="testcases.Payment_Info"/>
  <testcase name="apply_discount" time="0.000" classname="testcases.Payment_Info"/>
  <testcase name="makepayment" time="0.000" classname="testcases.Payment_Info"/>
</testsuite> <!-- testcases.Payment_Info -->
