<?xml version="1.0" encoding="UTF-8"?>
<!-- Generated by org.testng.reporters.JUnitReportReporter -->
<testsuite skipped="0" hostname="DESKTOP-50659SL" name="testcases.booking_search" tests="6" failures="0" timestamp="26 Mar 2021 15:18:13 GMT" time="0.032" errors="0">
  <testcase name="selectHotel" time="0.000" classname="testcases.booking_search"/>
  <testcase name="GuestInfo" time="0.008" classname="testcases.booking_search"/>
  <testcase name="GuestInfo" time="0.000" classname="testcases.booking_search"/>
  <testcase name="searchHotel" time="0.024" classname="testcases.booking_search"/>
  <testcase name="selectHotel" time="0.000" classname="testcases.booking_search"/>
  <testcase name="searchHotel" time="0.000" classname="testcases.booking_search"/>
</testsuite> <!-- testcases.booking_search -->
