<?xml version="1.0" encoding="UTF-8"?>
<!-- Generated by org.testng.reporters.JUnitReportReporter -->
<testsuite skipped="0" hostname="DESKTOP-50659SL" name="BaseTest.properties" tests="1" failures="0" timestamp="20 May 2021 18:01:31 GMT" time="0.016" errors="0">
  <testcase name="file_property" time="0.016" classname="BaseTest.properties"/>
</testsuite> <!-- BaseTest.properties -->
