<?xml version="1.0" encoding="UTF-8"?>
<!-- Generated by org.testng.reporters.JUnitReportReporter -->
<testsuite skipped="0" hostname="DESKTOP-50659SL" name="BaseTest.testbase" tests="1" failures="0" timestamp="21 May 2021 06:21:46 GMT" time="64.248" errors="0">
  <testcase name="webdriver" time="64.248" classname="BaseTest.testbase"/>
</testsuite> <!-- BaseTest.testbase -->
