<?xml version="1.0" encoding="UTF-8"?>
<!-- Generated by org.testng.reporters.JUnitReportReporter -->
<testsuite skipped="0" hostname="DESKTOP-50659SL" name="suitb.TestB" tests="1" failures="0" timestamp="04 Feb 2021 06:55:45 GMT" time="3.016" errors="0">
  <testcase name="testB" time="3.016" classname="suitb.TestB"/>
</testsuite> <!-- suitb.TestB -->
