<?xml version="1.0" encoding="UTF-8"?>
<!-- Generated by org.testng.reporters.JUnitReportReporter -->
<testsuite skipped="0" hostname="DESKTOP-50659SL" name="Suita.TestAA" tests="1" failures="0" timestamp="04 Feb 2021 06:55:45 GMT" time="3.015" errors="0">
  <testcase name="testAA" time="3.015" classname="Suita.TestAA"/>
</testsuite> <!-- Suita.TestAA -->
