<?xml version="1.0" encoding="UTF-8"?>
<!-- Generated by org.testng.reporters.JUnitReportReporter -->
<testsuite skipped="0" hostname="DESKTOP-50659SL" name="Data_Provider_createuser" tests="6" failures="0" timestamp="26 Jan 2021 13:55:08 GMT" time="0.062" errors="0">
  <testcase name="CreatUser" time="0.032" classname="Data_Provider_createuser"/>
  <testcase name="CreatUser" time="0.015" classname="Data_Provider_createuser"/>
  <testcase name="CreatUser" time="0.015" classname="Data_Provider_createuser"/>
  <testcase name="DeleteUser" time="0.000" classname="Data_Provider_createuser"/>
  <testcase name="DeleteUser" time="0.000" classname="Data_Provider_createuser"/>
  <testcase name="DeleteUser" time="0.000" classname="Data_Provider_createuser"/>
</testsuite> <!-- Data_Provider_createuser -->
