<?xml version="1.0" encoding="UTF-8"?>
<!-- Generated by org.testng.reporters.JUnitReportReporter -->
<testsuite skipped="0" hostname="DESKTOP-50659SL" name="Testcases_NG.Advance_feture" tests="4" failures="0" timestamp="26 Jan 2021 15:16:44 GMT" time="0.016" errors="0">
  <testcase name="loggout" time="0.000" classname="Testcases_NG.Advance_feture"/>
  <testcase name="again" time="0.000" classname="Testcases_NG.Advance_feture"/>
  <testcase name="again1" time="0.008" classname="Testcases_NG.Advance_feture"/>
  <testcase name="login" time="0.008" classname="Testcases_NG.Advance_feture"/>
</testsuite> <!-- Testcases_NG.Advance_feture -->
