<?xml version="1.0" encoding="UTF-8"?>
<!-- Generated by org.testng.reporters.JUnitReportReporter -->
<testsuite skipped="0" hostname="DESKTOP-50659SL" name="Testcases_NG.Data_Provider_createuser" tests="6" failures="0" timestamp="26 Jan 2021 15:16:44 GMT" time="0.016" errors="0">
  <testcase name="DeleteUser" time="0.000" classname="Testcases_NG.Data_Provider_createuser"/>
  <testcase name="CreatUser" time="0.000" classname="Testcases_NG.Data_Provider_createuser"/>
  <testcase name="DeleteUser" time="0.000" classname="Testcases_NG.Data_Provider_createuser"/>
  <testcase name="CreatUser" time="0.000" classname="Testcases_NG.Data_Provider_createuser"/>
  <testcase name="DeleteUser" time="0.008" classname="Testcases_NG.Data_Provider_createuser"/>
  <testcase name="CreatUser" time="0.008" classname="Testcases_NG.Data_Provider_createuser"/>
</testsuite> <!-- Testcases_NG.Data_Provider_createuser -->
