<?xml version="1.0" encoding="UTF-8"?>
<!-- Generated by org.testng.reporters.JUnitReportReporter -->
<testsuite skipped="0" hostname="DESKTOP-50659SL" name="Advance_feture" tests="4" failures="0" timestamp="26 Jan 2021 13:55:08 GMT" time="0.031" errors="0">
  <testcase name="again" time="0.016" classname="Advance_feture"/>
  <testcase name="login" time="0.000" classname="Advance_feture"/>
  <testcase name="loggout" time="0.015" classname="Advance_feture"/>
  <testcase name="again1" time="0.000" classname="Advance_feture"/>
</testsuite> <!-- Advance_feture -->
