<?xml version="1.0" encoding="UTF-8"?>
<!-- Generated by org.testng.reporters.JUnitReportReporter -->
<testsuite skipped="0" hostname="DESKTOP-50659SL" name="suitB.Data_Provider_createuser" tests="6" failures="0" timestamp="27 Jan 2021 14:58:33 GMT" time="0.000" errors="0">
  <testcase name="DeleteUser" time="0.000" classname="suitB.Data_Provider_createuser"/>
  <testcase name="CreatUser" time="0.000" classname="suitB.Data_Provider_createuser"/>
  <testcase name="CreatUser" time="0.000" classname="suitB.Data_Provider_createuser"/>
  <testcase name="DeleteUser" time="0.000" classname="suitB.Data_Provider_createuser"/>
  <testcase name="DeleteUser" time="0.000" classname="suitB.Data_Provider_createuser"/>
  <testcase name="CreatUser" time="0.000" classname="suitB.Data_Provider_createuser"/>
</testsuite> <!-- suitB.Data_Provider_createuser -->
