<?xml version="1.0" encoding="UTF-8"?>
<!-- Generated by org.testng.reporters.JUnitReportReporter -->
<testsuite skipped="0" hostname="DESKTOP-50659SL" name="suitA.Advance_feture" tests="4" failures="0" timestamp="27 Jan 2021 14:58:33 GMT" time="0.036" errors="0">
  <testcase name="again" time="0.008" classname="suitA.Advance_feture"/>
  <testcase name="loggout" time="0.000" classname="suitA.Advance_feture"/>
  <testcase name="login" time="0.008" classname="suitA.Advance_feture"/>
  <testcase name="again1" time="0.020" classname="suitA.Advance_feture"/>
</testsuite> <!-- suitA.Advance_feture -->
