<?xml version="1.0" encoding="UTF-8"?>
<!-- Generated by org.testng.reporters.JUnitReportReporter -->
<testsuite skipped="0" hostname="DESKTOP-50659SL" name="Runner.MyRunner" tests="1" failures="0" timestamp="07 Aug 2021 11:52:57 GMT" time="0.263" errors="0">
  <testcase name="runScenario" time="0.263" classname="Runner.MyRunner"/>
</testsuite> <!-- Runner.MyRunner -->
