<?xml version="1.0" encoding="UTF-8"?>
<!-- Generated by org.testng.reporters.JUnitReportReporter -->
<testsuite skipped="0" hostname="DESKTOP-50659SL" name="window_mngmt.window_id" tests="1" failures="0" timestamp="08 Mar 2021 08:23:14 GMT" time="67.464" errors="0">
  <testcase name="window_mgmt" time="67.464" classname="window_mngmt.window_id"/>
</testsuite> <!-- window_mngmt.window_id -->
