<?xml version="1.0" encoding="UTF-8"?>
<!-- Generated by org.testng.reporters.JUnitReportReporter -->
<testsuite skipped="0" hostname="DESKTOP-50659SL" name="window_mngmt.Alert" tests="1" failures="0" timestamp="08 Mar 2021 08:43:08 GMT" time="21.376" errors="0">
  <testcase name="rediff" time="21.376" classname="window_mngmt.Alert"/>
</testsuite> <!-- window_mngmt.Alert -->
