<?xml version="1.0" encoding="UTF-8"?>
<!-- Generated by org.testng.reporters.JUnitReportReporter -->
<testsuite skipped="0" hostname="DESKTOP-50659SL" name="Wb_tables.webTables" tests="1" failures="0" timestamp="13 Mar 2021 14:27:04 GMT" time="45.568" errors="0">
  <testcase name="table" time="45.568" classname="Wb_tables.webTables"/>
</testsuite> <!-- Wb_tables.webTables -->
