<?xml version="1.0" encoding="UTF-8"?>
<!-- Generated by org.testng.reporters.JUnitReportReporter -->
<testsuite skipped="0" hostname="DESKTOP-50659SL" name="Wb_tables.custom_webTable" tests="1" failures="0" timestamp="15 Mar 2021 06:54:56 GMT" time="55.876" errors="0">
  <testcase name="custm_funtn" time="55.876" classname="Wb_tables.custom_webTable"/>
</testsuite> <!-- Wb_tables.custom_webTable -->
