<?xml version="1.0" encoding="UTF-8"?>
<!-- Generated by org.testng.reporters.JUnitReportReporter -->
<testsuite skipped="0" hostname="DESKTOP-50659SL" name="window_mngmt.popup" tests="1" failures="0" timestamp="20 Apr 2021 14:59:10 GMT" time="48.074" errors="0">
  <testcase name="window_mgmt" time="48.074" classname="window_mngmt.popup"/>
</testsuite> <!-- window_mngmt.popup -->
