<?xml version="1.0" encoding="UTF-8"?>
<!-- Generated by org.testng.reporters.JUnitReportReporter -->
<testsuite skipped="0" hostname="DESKTOP-50659SL" name="Suita.TestA" tests="1" failures="0" timestamp="27 Jan 2021 16:53:11 GMT" time="3.011" errors="0">
  <testcase name="testA" time="3.011" classname="Suita.TestA"/>
</testsuite> <!-- Suita.TestA -->
