<?xml version="1.0" encoding="UTF-8"?>
<!-- Generated by org.testng.reporters.JUnitReportReporter -->
<testsuite skipped="0" hostname="DESKTOP-50659SL" name="suiteb.TestB" tests="2" failures="0" timestamp="08 Feb 2021 11:58:26 GMT" time="4.066" errors="0">
  <testcase name="testB" time="2.039" classname="suiteb.TestB"/>
  <testcase name="testB" time="2.027" classname="suiteb.TestB"/>
</testsuite> <!-- suiteb.TestB -->
