<?xml version="1.0" encoding="UTF-8"?>
<!-- Generated by org.testng.reporters.JUnitReportReporter -->
<testsuite skipped="0" hostname="DESKTOP-50659SL" name="suitec.TestC" tests="1" failures="0" timestamp="08 Feb 2021 11:58:26 GMT" time="2.062" errors="0">
  <testcase name="testC" time="2.062" classname="suitec.TestC"/>
</testsuite> <!-- suitec.TestC -->
