<?xml version="1.0" encoding="UTF-8"?>
<!-- Generated by org.testng.reporters.JUnitReportReporter -->
<testsuite skipped="0" hostname="DESKTOP-50659SL" name="suitea.TestAA" tests="2" failures="0" timestamp="08 Feb 2021 11:58:26 GMT" time="4.111" errors="0">
  <testcase name="testAA" time="2.048" classname="suitea.TestAA"/>
  <testcase name="testAA" time="2.063" classname="suitea.TestAA"/>
</testsuite> <!-- suitea.TestAA -->
