<?xml version="1.0" encoding="UTF-8"?>
<!-- Generated by org.testng.reporters.JUnitReportReporter -->
<testsuite skipped="0" hostname="DESKTOP-50659SL" name="rediff_portfolio.create_portfolio" tests="1" failures="0" timestamp="30 Mar 2021 15:13:08 GMT" time="11.975" errors="0">
  <testcase name="creatPort" time="11.975" classname="rediff_portfolio.create_portfolio"/>
</testsuite> <!-- rediff_portfolio.create_portfolio -->
