<?xml version="1.0" encoding="UTF-8"?>
<!-- Generated by org.testng.reporters.JUnitReportReporter -->
<testsuite skipped="0" hostname="DESKTOP-50659SL" name="testcase.radiff.portfolio_mgmt" tests="1" failures="0" timestamp="06 Apr 2021 06:45:23 GMT" time="7.135" errors="0">
  <testcase name="select_portfolio" time="7.135" classname="testcase.radiff.portfolio_mgmt"/>
</testsuite> <!-- testcase.radiff.portfolio_mgmt -->
