<?xml version="1.0" encoding="UTF-8"?>
<!-- Generated by org.testng.reporters.JUnitReportReporter -->
<testsuite skipped="0" hostname="DESKTOP-50659SL" name="Extent_Test.LoginTest" tests="1" failures="0" timestamp="06 May 2021 07:33:32 GMT" time="1.663" errors="0">
  <testcase name="login" time="1.663" classname="Extent_Test.LoginTest"/>
</testsuite> <!-- Extent_Test.LoginTest -->
