<?xml version="1.0" encoding="UTF-8"?>
<!-- Generated by org.testng.reporters.JUnitReportReporter -->
<testsuite skipped="0" hostname="DESKTOP-50659SL" name="Identify_elements.identify_xpath" tests="1" failures="0" timestamp="22 Feb 2021 12:41:02 GMT" time="23.108" errors="0">
  <testcase name="uni" time="23.108" classname="Identify_elements.identify_xpath"/>
</testsuite> <!-- Identify_elements.identify_xpath -->
