<?xml version="1.0" encoding="UTF-8"?>
<!-- Generated by org.testng.reporters.JUnitReportReporter -->
<testsuite skipped="0" hostname="DESKTOP-50659SL" name="Identify_elements.identify_css" tests="1" failures="0" timestamp="24 Feb 2021 07:36:43 GMT" time="65.487" errors="0">
  <testcase name="uni" time="65.487" classname="Identify_elements.identify_css"/>
</testsuite> <!-- Identify_elements.identify_css -->
