<?xml version="1.0" encoding="UTF-8"?>
<!-- Generated by org.testng.reporters.JUnitReportReporter -->
<testsuite skipped="0" hostname="DESKTOP-50659SL" name="Identify_elements.elements_by_name_id" tests="1" failures="0" timestamp="19 Feb 2021 15:04:52 GMT" time="68.676" errors="0">
  <testcase name="linkedln" time="68.676" classname="Identify_elements.elements_by_name_id"/>
</testsuite> <!-- Identify_elements.elements_by_name_id -->
