<?xml version="1.0" encoding="UTF-8"?>
<!-- Generated by org.testng.reporters.JUnitReportReporter -->
<testsuite skipped="0" hostname="DESKTOP-50659SL" name="uploading_downloading.facebook" tests="1" failures="0" timestamp="18 Mar 2021 10:06:05 GMT" time="78.877" errors="0">
  <testcase name="fb" time="78.877" classname="uploading_downloading.facebook"/>
</testsuite> <!-- uploading_downloading.facebook -->
