<?xml version="1.0" encoding="UTF-8"?>
<!-- Generated by org.testng.reporters.JUnitReportReporter -->
<testsuite skipped="0" hostname="DESKTOP-50659SL" name="webElement_functions.Attribute_dropDown" tests="1" failures="0" timestamp="20 Apr 2021 14:22:20 GMT" time="34.520" errors="0">
  <testcase name="drop_down" time="34.520" classname="webElement_functions.Attribute_dropDown"/>
</testsuite> <!-- webElement_functions.Attribute_dropDown -->
