<?xml version="1.0" encoding="UTF-8"?>
<!-- Generated by org.testng.reporters.JUnitReportReporter -->
<testsuite skipped="0" hostname="DESKTOP-50659SL" name="javascript.american_golf" tests="1" failures="0" timestamp="26 Apr 2021 09:09:03 GMT" time="211.609" errors="0">
  <testcase name="golf" time="211.609" classname="javascript.american_golf"/>
</testsuite> <!-- javascript.american_golf -->
