<?xml version="1.0" encoding="UTF-8"?>
<!-- Generated by org.testng.reporters.JUnitReportReporter -->
<testsuite skipped="0" hostname="DESKTOP-50659SL" name="frames.paytym" tests="1" failures="0" timestamp="27 Apr 2021 16:52:59 GMT" time="43.651" errors="0">
  <testcase name="frames" time="43.651" classname="frames.paytym"/>
</testsuite> <!-- frames.paytym -->
