<?xml version="1.0" encoding="UTF-8"?>
<!-- Generated by org.testng.reporters.JUnitReportReporter -->
<testsuite skipped="0" hostname="DESKTOP-50659SL" name="javascript.linkedin" tests="1" failures="0" timestamp="15 Mar 2021 10:15:21 GMT" time="20.590" errors="0">
  <testcase name="linked" time="20.590" classname="javascript.linkedin"/>
</testsuite> <!-- javascript.linkedin -->
