<?xml version="1.0" encoding="UTF-8"?>
<!-- Generated by org.testng.reporters.JUnitReportReporter -->
<testsuite skipped="0" hostname="DESKTOP-50659SL" name="webElement_functions.explicit_wait" tests="1" failures="0" timestamp="05 Mar 2021 10:41:00 GMT" time="19.359" errors="0">
  <testcase name="explicit" time="19.359" classname="webElement_functions.explicit_wait"/>
</testsuite> <!-- webElement_functions.explicit_wait -->
