<?xml version="1.0" encoding="UTF-8"?>
<!-- Generated by org.testng.reporters.JUnitReportReporter -->
<testsuite skipped="0" hostname="DESKTOP-50659SL" name="webElement_functions.screenshot" tests="2" failures="0" timestamp="28 Apr 2021 03:56:42 GMT" time="23.884" errors="0">
  <testcase name="takescreenshot" time="0.198" classname="webElement_functions.screenshot"/>
  <testcase name="screen" time="23.686" classname="webElement_functions.screenshot"/>
</testsuite> <!-- webElement_functions.screenshot -->
