<?xml version="1.0" encoding="UTF-8"?>
<!-- Generated by org.testng.reporters.JUnitReportReporter -->
<testsuite skipped="0" hostname="DESKTOP-50659SL" name="webElement_functions.isDisplayed_isEnabled" tests="1" failures="0" timestamp="24 Feb 2021 12:51:50 GMT" time="29.127" errors="0">
  <testcase name="enabled" time="29.127" classname="webElement_functions.isDisplayed_isEnabled"/>
</testsuite> <!-- webElement_functions.isDisplayed_isEnabled -->
