<?xml version="1.0" encoding="UTF-8"?>
<!-- Generated by org.testng.reporters.JUnitReportReporter -->
<testsuite skipped="0" hostname="DESKTOP-50659SL" name="outerbox_links" tests="1" failures="0" timestamp="03 Mar 2021 12:31:34 GMT" time="35.487" errors="0">
  <testcase name="linking" time="35.487" classname="outerbox_links"/>
</testsuite> <!-- outerbox_links -->
