<?xml version="1.0" encoding="UTF-8"?>
<!-- Generated by org.testng.reporters.JUnitReportReporter -->
<testsuite skipped="0" hostname="DESKTOP-50659SL" name="Radio_checkbox_screenshot.screenshot" tests="1" failures="0" timestamp="04 Mar 2021 12:37:30 GMT" time="56.639" errors="0">
  <testcase name="screenshot" time="56.639" classname="Radio_checkbox_screenshot.screenshot"/>
</testsuite> <!-- Radio_checkbox_screenshot.screenshot -->
