<?xml version="1.0" encoding="UTF-8"?>
<!-- Generated by org.testng.reporters.JUnitReportReporter -->
<testsuite skipped="0" hostname="DESKTOP-50659SL" name="Radio_checkbox_screenshot.radio" tests="1" failures="0" timestamp="04 Mar 2021 09:31:30 GMT" time="24.176" errors="0">
  <testcase name="radio_manage" time="24.176" classname="Radio_checkbox_screenshot.radio"/>
</testsuite> <!-- Radio_checkbox_screenshot.radio -->
