<?xml version="1.0" encoding="UTF-8"?>
<!-- Generated by org.testng.reporters.JUnitReportReporter -->
<testsuite skipped="0" hostname="DESKTOP-50659SL" name="com.Interview_Practice.basic_testNG" tests="4" failures="0" timestamp="21 May 2021 02:37:22 GMT" time="0.018" errors="0">
  <testcase name="thirdTest" time="0.002" classname="com.Interview_Practice.basic_testNG"/>
  <testcase name="secondTest" time="0.002" classname="com.Interview_Practice.basic_testNG"/>
  <testcase name="fifthTest" time="0.001" classname="com.Interview_Practice.basic_testNG"/>
  <testcase name="firstTest" time="0.013" classname="com.Interview_Practice.basic_testNG"/>
</testsuite> <!-- com.Interview_Practice.basic_testNG -->
