<?xml version="1.0" encoding="UTF-8"?>
<!-- Generated by org.testng.reporters.JUnitReportReporter -->
<testsuite skipped="0" hostname="DESKTOP-50659SL" name="com.Interview_Practice.action_ex" tests="1" failures="0" timestamp="07 May 2021 08:23:20 GMT" time="22.819" errors="0">
  <testcase name="exp" time="22.819" classname="com.Interview_Practice.action_ex"/>
</testsuite> <!-- com.Interview_Practice.action_ex -->
