<?xml version="1.0" encoding="UTF-8"?>
<!-- Generated by org.testng.reporters.JUnitReportReporter -->
<testsuite skipped="0" hostname="DESKTOP-50659SL" name="com.Interview_Practice.Extent_Report" tests="1" failures="0" timestamp="06 May 2021 07:38:43 GMT" time="0.806" errors="0">
  <testcase name="login" time="0.806" classname="com.Interview_Practice.Extent_Report"/>
</testsuite> <!-- com.Interview_Practice.Extent_Report -->
