<?xml version="1.0" encoding="UTF-8"?>
<!-- Generated by org.testng.reporters.JUnitReportReporter -->
<testsuite skipped="0" hostname="DESKTOP-50659SL" name="com.Interview_Practice.screenshot" tests="1" failures="0" timestamp="06 May 2021 10:57:27 GMT" time="28.839" errors="0">
  <testcase name="login" time="28.839" classname="com.Interview_Practice.screenshot"/>
</testsuite> <!-- com.Interview_Practice.screenshot -->
