<?xml version="1.0" encoding="UTF-8"?>
<!-- Generated by org.testng.reporters.JUnitReportReporter -->
<testsuite ignored="0" hostname="Friday" failures="0" tests="1" name="com.stepDefinition.TestRunner" time="29.619" errors="0" timestamp="08 Aug 2021 14:43:18 GMT" skipped="0">
  <testcase classname="com.stepDefinition.TestRunner" name="runScenario" time="29.619"/>
</testsuite> <!-- com.stepDefinition.TestRunner -->
