<?xml version="1.0" encoding="UTF-8"?>
<!-- Generated by org.testng.reporters.JUnitReportReporter -->
<testsuite skipped="0" hostname="DESKTOP-50659SL" name="JDBC" tests="1" failures="0" timestamp="09 May 2021 11:41:23 GMT" time="0.034" errors="0">
  <testcase name="testDB" time="0.034" classname="JDBC"/>
</testsuite> <!-- JDBC -->
