<?xml version="1.0" encoding="UTF-8"?>
<!-- Generated by org.testng.reporters.JUnitReportReporter -->
<testsuite skipped="0" hostname="DESKTOP-50659SL" name="browsers_options_profile.Chrome_profile" tests="1" failures="0" timestamp="19 Feb 2021 07:56:28 GMT" time="51.661" errors="0">
  <testcase name="chrome" time="51.661" classname="browsers_options_profile.Chrome_profile"/>
</testsuite> <!-- browsers_options_profile.Chrome_profile -->
