<?xml version="1.0" encoding="UTF-8"?>
<!-- Generated by org.testng.reporters.JUnitReportReporter -->
<testsuite skipped="0" hostname="DESKTOP-50659SL" name="Firefox_options.firefox_profile" tests="1" failures="0" timestamp="11 Feb 2021 13:25:02 GMT" time="48.227" errors="0">
  <testcase name="firefox" time="48.227" classname="Firefox_options.firefox_profile"/>
</testsuite> <!-- Firefox_options.firefox_profile -->
