<?xml version="1.0" encoding="UTF-8"?>
<!-- Generated by org.testng.reporters.JUnitReportReporter -->
<testsuite skipped="0" hostname="DESKTOP-50659SL" name="browsers.selenium_basics" tests="1" failures="0" timestamp="11 Feb 2021 13:10:34 GMT" time="18.731" errors="0">
  <testcase name="testap" time="18.731" classname="browsers.selenium_basics"/>
</testsuite> <!-- browsers.selenium_basics -->
