<?xml version="1.0" encoding="UTF-8"?>
<!-- Generated by org.testng.reporters.JUnitReportReporter -->
<testsuite skipped="0" hostname="DESKTOP-50659SL" name="reusable_function.resuable_funtn" tests="1" failures="0" timestamp="19 Feb 2021 13:32:56 GMT" time="39.381" errors="0">
  <testcase name="reusable" time="39.381" classname="reusable_function.resuable_funtn"/>
</testsuite> <!-- reusable_function.resuable_funtn -->
