<?xml version="1.0" encoding="UTF-8"?>
<!-- Generated by org.testng.reporters.JUnitReportReporter -->
<testsuite skipped="0" hostname="DESKTOP-50659SL" name="browsers_options_profile.firefox_profile" tests="1" failures="0" timestamp="19 Feb 2021 07:23:07 GMT" time="34.457" errors="0">
  <testcase name="firefox" time="34.457" classname="browsers_options_profile.firefox_profile"/>
</testsuite> <!-- browsers_options_profile.firefox_profile -->
