<?xml version="1.0" encoding="UTF-8"?>
<!-- Generated by org.testng.reporters.JUnitReportReporter -->
<testsuite skipped="0" hostname="DESKTOP-50659SL" name="Interface_webdriver.single_script" tests="1" failures="0" timestamp="19 Feb 2021 09:56:16 GMT" time="35.983" errors="0">
  <testcase name="script" time="35.983" classname="Interface_webdriver.single_script"/>
</testsuite> <!-- Interface_webdriver.single_script -->
