<?xml version="1.0" encoding="UTF-8"?>
<!-- Generated by org.testng.reporters.JUnitReportReporter -->
<testsuite skipped="1" hostname="DESKTOP-50659SL" name="dependency" tests="2" failures="0" timestamp="17 Apr 2021 14:20:52 GMT" time="0.027" errors="0">
  <testcase name="testcase2" time="0.027" classname="dependency"/>
  <testcase name="testcase1" classname="dependency">
    <skipped/>
  </testcase> <!-- testcase1 -->
</testsuite> <!-- dependency -->
