<?xml version="1.0" encoding="UTF-8"?>
<!-- Generated by org.testng.reporters.JUnitReportReporter -->
<testsuite skipped="0" hostname="DESKTOP-50659SL" name="testcases.skip_ITestContext" tests="2" failures="0" timestamp="05 May 2021 09:45:32 GMT" time="0.032" errors="0">
  <testcase name="select_phone" time="0.000" classname="testcases.skip_ITestContext"/>
  <testcase name="search" time="0.032" classname="testcases.skip_ITestContext"/>
</testsuite> <!-- testcases.skip_ITestContext -->
