<?xml version="1.0" encoding="UTF-8"?>
<!-- Generated by org.testng.reporters.JUnitReportReporter -->
<testsuite skipped="1" hostname="DESKTOP-50659SL" name="excel_concept.read_dataProvider" tests="1" failures="0" timestamp="25 May 2021 14:29:43 GMT" time="0.000" errors="0">
  <testcase name="invalidLogin" time="0.000" classname="excel_concept.read_dataProvider">
    <skipped/>
  </testcase> <!-- invalidLogin -->
</testsuite> <!-- excel_concept.read_dataProvider -->
