<?xml version="1.0" encoding="UTF-8"?>
<!-- Generated by org.testng.reporters.JUnitReportReporter -->
<testsuite skipped="0" hostname="DESKTOP-50659SL" name="excel_concept.write_excel" tests="1" failures="0" timestamp="23 May 2021 16:58:47 GMT" time="39.904" errors="0">
  <testcase name="write" time="39.904" classname="excel_concept.write_excel"/>
</testsuite> <!-- excel_concept.write_excel -->
