<?xml version="1.0" encoding="UTF-8"?>
<!-- Generated by org.testng.reporters.JUnitReportReporter -->
<testsuite skipped="0" hostname="DESKTOP-50659SL" name="excel_concept.read_excel" tests="1" failures="0" timestamp="23 May 2021 08:01:46 GMT" time="1.802" errors="0">
  <testcase name="read_data" time="1.802" classname="excel_concept.read_excel"/>
</testsuite> <!-- excel_concept.read_excel -->
