<?xml version="1.0" encoding="UTF-8"?>
<!-- Generated by org.testng.reporters.JUnitReportReporter -->
<testsuite skipped="0" hostname="DESKTOP-50659SL" name="pilot_project.basic_project" tests="1" failures="0" timestamp="06 Mar 2021 18:51:09 GMT" time="65.972" errors="0">
  <testcase name="appt" time="65.972" classname="pilot_project.basic_project"/>
</testsuite> <!-- pilot_project.basic_project -->
